This is pdfTeX, Version 3.14159265-2.6-1.40.17 (TeX Live 2016) (preloaded format=pdflatex 2016.8.26)  15 APR 2025 21:24
entering extended mode
 restricted \write18 enabled.
 %&-line parsing enabled.
**TEX_final.tex
(./TEX_final.tex
LaTeX2e <2016/03/31> patch level 3
Babel <3.9r> and hyphenation patterns for 83 language(s) loaded.

(/usr/local/texlive/2016/texmf-dist/tex/latex/base/report.cls
Document Class: report 2014/09/29 v1.4h Standard LaTeX document class
(/usr/local/texlive/2016/texmf-dist/tex/latex/base/size12.clo
File: size12.clo 2014/09/29 v1.4h Standard LaTeX file (size option)
)
\c@part=\count79
\c@chapter=\count80
\c@section=\count81
\c@subsection=\count82
\c@subsubsection=\count83
\c@paragraph=\count84
\c@subparagraph=\count85
\c@figure=\count86
\c@table=\count87
\abovecaptionskip=\skip41
\belowcaptionskip=\skip42
\bibindent=\dimen102
)
(/usr/local/texlive/2016/texmf-dist/tex/latex/hyperref/hyperref.sty
Package: hyperref 2016/06/24 v6.83q Hypertext links for LaTeX

(/usr/local/texlive/2016/texmf-dist/tex/generic/oberdiek/hobsub-hyperref.sty
Package: hobsub-hyperref 2016/05/16 v1.14 Bundle oberdiek, subset hyperref (HO)


(/usr/local/texlive/2016/texmf-dist/tex/generic/oberdiek/hobsub-generic.sty
Package: hobsub-generic 2016/05/16 v1.14 Bundle oberdiek, subset generic (HO)
Package: hobsub 2016/05/16 v1.14 Construct package bundles (HO)
Package: infwarerr 2016/05/16 v1.4 Providing info/warning/error messages (HO)
Package: ltxcmds 2016/05/16 v1.23 LaTeX kernel commands for general use (HO)
Package: ifluatex 2016/05/16 v1.4 Provides the ifluatex switch (HO)
Package ifluatex Info: LuaTeX not detected.
Package: ifvtex 2016/05/16 v1.6 Detect VTeX and its facilities (HO)
Package ifvtex Info: VTeX not detected.
Package: intcalc 2016/05/16 v1.2 Expandable calculations with integers (HO)
Package: ifpdf 2016/05/14 v3.1 Provides the ifpdf switch
Package: etexcmds 2016/05/16 v1.6 Avoid name clashes with e-TeX commands (HO)
Package etexcmds Info: Could not find \expanded.
(etexcmds)             That can mean that you are not using pdfTeX 1.50 or
(etexcmds)             that some package has redefined \expanded.
(etexcmds)             In the latter case, load this package earlier.
Package: kvsetkeys 2016/05/16 v1.17 Key value parser (HO)
Package: kvdefinekeys 2016/05/16 v1.4 Define keys (HO)
Package: pdftexcmds 2016/05/21 v0.22 Utility functions of pdfTeX for LuaTeX (HO
)
Package pdftexcmds Info: LuaTeX not detected.
Package pdftexcmds Info: \pdf@primitive is available.
Package pdftexcmds Info: \pdf@ifprimitive is available.
Package pdftexcmds Info: \pdfdraftmode found.
Package: pdfescape 2016/05/16 v1.14 Implements pdfTeX's escape features (HO)
Package: bigintcalc 2016/05/16 v1.4 Expandable calculations on big integers (HO
)
Package: bitset 2016/05/16 v1.2 Handle bit-vector datatype (HO)
Package: uniquecounter 2016/05/16 v1.3 Provide unlimited unique counter (HO)
)
Package hobsub Info: Skipping package `hobsub' (already loaded).
Package: letltxmacro 2016/05/16 v1.5 Let assignment for LaTeX macros (HO)
Package: hopatch 2016/05/16 v1.3 Wrapper for package hooks (HO)
Package: xcolor-patch 2016/05/16 xcolor patch
Package: atveryend 2016/05/16 v1.9 Hooks at the very end of document (HO)
Package atveryend Info: \enddocument detected (standard20110627).
Package: atbegshi 2016/06/09 v1.18 At begin shipout hook (HO)
Package: refcount 2016/05/16 v3.5 Data extraction from label references (HO)
Package: hycolor 2016/05/16 v1.8 Color options for hyperref/bookmark (HO)
)
(/usr/local/texlive/2016/texmf-dist/tex/latex/graphics/keyval.sty
Package: keyval 2014/10/28 v1.15 key=value parser (DPC)
\KV@toks@=\toks14
)
(/usr/local/texlive/2016/texmf-dist/tex/generic/ifxetex/ifxetex.sty
Package: ifxetex 2010/09/12 v0.6 Provides ifxetex conditional
)
(/usr/local/texlive/2016/texmf-dist/tex/latex/oberdiek/auxhook.sty
Package: auxhook 2016/05/16 v1.4 Hooks for auxiliary files (HO)
)
(/usr/local/texlive/2016/texmf-dist/tex/latex/oberdiek/kvoptions.sty
Package: kvoptions 2016/05/16 v3.12 Key value format for package options (HO)
)
\@linkdim=\dimen103
\Hy@linkcounter=\count88
\Hy@pagecounter=\count89

(/usr/local/texlive/2016/texmf-dist/tex/latex/hyperref/pd1enc.def
File: pd1enc.def 2016/06/24 v6.83q Hyperref: PDFDocEncoding definition (HO)
)
\Hy@SavedSpaceFactor=\count90

(/usr/local/texlive/2016/texmf-dist/tex/latex/latexconfig/hyperref.cfg
File: hyperref.cfg 2002/06/06 v1.2 hyperref configuration of TeXLive
)
Package hyperref Info: Hyper figures OFF on input line 4486.
Package hyperref Info: Link nesting OFF on input line 4491.
Package hyperref Info: Hyper index ON on input line 4494.
Package hyperref Info: Plain pages OFF on input line 4501.
Package hyperref Info: Backreferencing OFF on input line 4506.
Package hyperref Info: Implicit mode ON; LaTeX internals redefined.
Package hyperref Info: Bookmarks ON on input line 4735.
\c@Hy@tempcnt=\count91

(/usr/local/texlive/2016/texmf-dist/tex/latex/url/url.sty
\Urlmuskip=\muskip10
Package: url 2013/09/16  ver 3.4  Verb mode for urls, etc.
)
LaTeX Info: Redefining \url on input line 5088.
\XeTeXLinkMargin=\dimen104
\Fld@menulength=\count92
\Field@Width=\dimen105
\Fld@charsize=\dimen106
Package hyperref Info: Hyper figures OFF on input line 6342.
Package hyperref Info: Link nesting OFF on input line 6347.
Package hyperref Info: Hyper index ON on input line 6350.
Package hyperref Info: backreferencing OFF on input line 6357.
Package hyperref Info: Link coloring OFF on input line 6362.
Package hyperref Info: Link coloring with OCG OFF on input line 6367.
Package hyperref Info: PDF/A mode OFF on input line 6372.
LaTeX Info: Redefining \ref on input line 6412.
LaTeX Info: Redefining \pageref on input line 6416.
\Hy@abspage=\count93
\c@Item=\count94
\c@Hfootnote=\count95
)

Package hyperref Message: Driver (autodetected): hpdftex.

(/usr/local/texlive/2016/texmf-dist/tex/latex/hyperref/hpdftex.def
File: hpdftex.def 2016/06/24 v6.83q Hyperref driver for pdfTeX
\Fld@listcount=\count96
\c@bookmark@seq@number=\count97

(/usr/local/texlive/2016/texmf-dist/tex/latex/oberdiek/rerunfilecheck.sty
Package: rerunfilecheck 2016/05/16 v1.8 Rerun checks for auxiliary files (HO)
Package uniquecounter Info: New unique counter `rerunfilecheck' on input line 2
82.
)
\Hy@SectionHShift=\skip43
)
Package hyperref Info: Option `colorlinks' set `true' on input line 4.

(/usr/local/texlive/2016/texmf-dist/tex/latex/tools/theorem.sty
Package: theorem 2014/10/28 v2.2c Theorem extension package (FMi)
\theorem@style=\toks15
\theorem@bodyfont=\toks16
\theorempreskipamount=\skip44
\theorempostskipamount=\skip45

(/usr/local/texlive/2016/texmf-dist/tex/latex/tools/thp.sty
File: thp.sty 2014/10/28 v2.2c Theorem extension package (FMi)
))
(/usr/local/texlive/2016/texmf-dist/tex/latex/graphics/graphicx.sty
Package: graphicx 2014/10/28 v1.0g Enhanced LaTeX Graphics (DPC,SPQR)

(/usr/local/texlive/2016/texmf-dist/tex/latex/graphics/graphics.sty
Package: graphics 2016/07/10 v1.0t Standard LaTeX Graphics (DPC,SPQR)

(/usr/local/texlive/2016/texmf-dist/tex/latex/graphics/trig.sty
Package: trig 2016/01/03 v1.10 sin cos tan (DPC)
)
(/usr/local/texlive/2016/texmf-dist/tex/latex/graphics-cfg/graphics.cfg
File: graphics.cfg 2016/06/04 v1.11 sample graphics configuration
)
Package graphics Info: Driver file: pdftex.def on input line 99.

(/usr/local/texlive/2016/texmf-dist/tex/latex/graphics-def/pdftex.def
File: pdftex.def 2016/07/10 v0.06j Graphics/color for pdfTeX
\Gread@gobject=\count98
))
\Gin@req@height=\dimen107
\Gin@req@width=\dimen108
)
(/usr/local/texlive/2016/texmf-dist/tex/latex/listings/listings.sty
\lst@mode=\count99
\lst@gtempboxa=\box26
\lst@token=\toks17
\lst@length=\count100
\lst@currlwidth=\dimen109
\lst@column=\count101
\lst@pos=\count102
\lst@lostspace=\dimen110
\lst@width=\dimen111
\lst@newlines=\count103
\lst@lineno=\count104
\lst@maxwidth=\dimen112

(/usr/local/texlive/2016/texmf-dist/tex/latex/listings/lstmisc.sty
File: lstmisc.sty 2015/06/04 1.6 (Carsten Heinz)
\c@lstnumber=\count105
\lst@skipnumbers=\count106
\lst@framebox=\box27
)
(/usr/local/texlive/2016/texmf-dist/tex/latex/listings/listings.cfg
File: listings.cfg 2015/06/04 1.6 listings configuration
))
Package: listings 2015/06/04 1.6 (Carsten Heinz)

(/usr/local/texlive/2016/texmf-dist/tex/latex/base/alltt.sty
Package: alltt 1997/06/16 v2.0g defines alltt environment
)
(/usr/local/texlive/2016/texmf-dist/tex/latex/listings/lstlang1.sty
File: lstlang1.sty 2015/06/04 1.6 listings language file
)
(/usr/local/texlive/2016/texmf-dist/tex/latex/listings/lstlang2.sty
File: lstlang2.sty 2015/06/04 1.6 listings language file
)
(/usr/local/texlive/2016/texmf-dist/tex/latex/listings/lstlang3.sty
File: lstlang3.sty 2015/06/04 1.6 listings language file
)
\c@codemass=\count107
\c@accmass=\count108

(./TEX_final.aux)
\openout1 = `TEX_final.aux'.

LaTeX Font Info:    Checking defaults for OML/cmm/m/it on input line 60.
LaTeX Font Info:    ... okay on input line 60.
LaTeX Font Info:    Checking defaults for T1/cmr/m/n on input line 60.
LaTeX Font Info:    ... okay on input line 60.
LaTeX Font Info:    Checking defaults for OT1/cmr/m/n on input line 60.
LaTeX Font Info:    ... okay on input line 60.
LaTeX Font Info:    Checking defaults for OMS/cmsy/m/n on input line 60.
LaTeX Font Info:    ... okay on input line 60.
LaTeX Font Info:    Checking defaults for OMX/cmex/m/n on input line 60.
LaTeX Font Info:    ... okay on input line 60.
LaTeX Font Info:    Checking defaults for U/cmr/m/n on input line 60.
LaTeX Font Info:    ... okay on input line 60.
LaTeX Font Info:    Checking defaults for PD1/pdf/m/n on input line 60.
LaTeX Font Info:    ... okay on input line 60.
\AtBeginShipoutBox=\box28

(/usr/local/texlive/2016/texmf-dist/tex/latex/graphics/color.sty
Package: color 2016/07/10 v1.1e Standard LaTeX Color (DPC)

(/usr/local/texlive/2016/texmf-dist/tex/latex/graphics-cfg/color.cfg
File: color.cfg 2016/01/02 v1.6 sample color configuration
)
Package color Info: Driver file: pdftex.def on input line 147.
)
Package hyperref Info: Link coloring ON on input line 60.

(/usr/local/texlive/2016/texmf-dist/tex/latex/hyperref/nameref.sty
Package: nameref 2016/05/21 v2.44 Cross-referencing by name of section

(/usr/local/texlive/2016/texmf-dist/tex/generic/oberdiek/gettitlestring.sty
Package: gettitlestring 2016/05/16 v1.5 Cleanup title references (HO)
)
\c@section@level=\count109
)
LaTeX Info: Redefining \ref on input line 60.
LaTeX Info: Redefining \pageref on input line 60.
LaTeX Info: Redefining \nameref on input line 60.

(./TEX_final.out) (./TEX_final.out)
\@outlinefile=\write3
\openout3 = `TEX_final.out'.


(/usr/local/texlive/2016/texmf-dist/tex/context/base/mkii/supp-pdf.mkii
[Loading MPS to PDF converter (version 2006.09.02).]
\scratchcounter=\count110
\scratchdimen=\dimen113
\scratchbox=\box29
\nofMPsegments=\count111
\nofMParguments=\count112
\everyMPshowfont=\toks18
\MPscratchCnt=\count113
\MPscratchDim=\dimen114
\MPnumerator=\count114
\makeMPintoPDFobject=\count115
\everyMPtoPDFconversion=\toks19
) (/usr/local/texlive/2016/texmf-dist/tex/latex/oberdiek/epstopdf-base.sty
Package: epstopdf-base 2016/05/15 v2.6 Base part for package epstopdf

(/usr/local/texlive/2016/texmf-dist/tex/latex/oberdiek/grfext.sty
Package: grfext 2016/05/16 v1.2 Manage graphics extensions (HO)
)
Package epstopdf-base Info: Redefining graphics rule for `.eps' on input line 4
38.
Package grfext Info: Graphics extension search list:
(grfext)             [.png,.pdf,.jpg,.mps,.jpeg,.jbig2,.jb2,.PNG,.PDF,.JPG,.JPE
G,.JBIG2,.JB2,.eps]
(grfext)             \AppendGraphicsExtensions on input line 456.

(/usr/local/texlive/2016/texmf-dist/tex/latex/latexconfig/epstopdf-sys.cfg
File: epstopdf-sys.cfg 2010/07/13 v1.3 Configuration of (r)epstopdf for TeX Liv
e
))
\c@lstlisting=\count116
LaTeX Font Info:    External font `cmex10' loaded for size
(Font)              <20.74> on input line 62.
LaTeX Font Info:    External font `cmex10' loaded for size
(Font)              <14.4> on input line 62.
LaTeX Font Info:    External font `cmex10' loaded for size
(Font)              <12> on input line 62.
LaTeX Font Info:    External font `cmex10' loaded for size
(Font)              <7> on input line 62.
LaTeX Font Info:    External font `cmex10' loaded for size
(Font)              <10.95> on input line 62.
LaTeX Font Info:    External font `cmex10' loaded for size
(Font)              <8> on input line 62.
LaTeX Font Info:    External font `cmex10' loaded for size
(Font)              <6> on input line 62.

[1

{/usr/local/texlive/2016/texmf-var/fonts/map/pdftex/updmap/pdftex.map}]pdfTeX w
arning (ext4): destination with the same identifier (name{page.1}) has been alr
eady used, duplicate ignored
<to be read again> 
                   \relax 
l.73 \newpage
              [1

] [2] (./TEX_final.toc
Overfull \hbox (70.614pt too wide) detected at line 1
\OT1/cmr/bx/n/12 List of R Codes 
 []

[3

])
\tf@toc=\write4
\openout4 = `TEX_final.toc'.

 [4] (./TEX_final.cod
Overfull \hbox (4.46172pt too wide) in paragraph at lines 1--1
 [][] [][][]\OT1/cmr/m/n/12 GRAPHIC PRE-SEN-TA-TION OF QUAL-I-TA-TIVE DATA[][] 
[][]  
 []


Overfull \hbox (8.61305pt too wide) in paragraph at lines 28--28
 [][] [][][]\OT1/cmr/m/n/12 DESCRIBING THE RE-LA-TION-SHIP BE-TWEEN TWO 
 []

[5

]
Overfull \hbox (4.62154pt too wide) in paragraph at lines 63--63
 [][] [][][]\OT1/cmr/m/n/12 SAMPLING DIS-TRI-BU-TION OF THE SAM-PLE MEAN[][] []
[]  
 []

[6]
Overfull \hbox (4.62154pt too wide) in paragraph at lines 65--65
 [][] [][][]\OT1/cmr/m/n/12 SAMPLING DIS-TRI-BU-TION OF THE SAM-PLE MEAN[][] []
[]  
 []


Overfull \hbox (13.58809pt too wide) in paragraph at lines 70--70
 [][] [][][]\OT1/cmr/m/n/12 CONFIDENCE IN-TER-VAL FOR A POP-U-LA-TION PRO- 
 []

[7]
Overfull \hbox (10.57423pt too wide) in paragraph at lines 105--105
 [][] [][][]\OT1/cmr/m/n/12 WILCOXON SIGNED RANK TEST FOR DE-PEN-DENT 
 []


Overfull \hbox (3.96178pt too wide) in paragraph at lines 106--106
 [][] [][][]\OT1/cmr/m/n/12 WILCOXON RANK SUM TEST FOR IN-DE-PEN-DENT 
 []

)
\tf@cod=\write5
\openout5 = `TEX_final.cod'.

 [8]
Chapter 2.
Package hyperref Info: bookmark level for unknown lstlisting defaults to 0 on i
nput line 93.

(../Statistical_Techniques_In_Business_And_Economics_by_Douglas_A_Lind_William_
G_Marchal_Samuel_A_Wathen/CH2/EX2.2/Ex2_2.R
LaTeX Font Info:    Try loading font information for OMS+cmr on input line 7.

(/usr/local/texlive/2016/texmf-dist/tex/latex/base/omscmr.fd
File: omscmr.fd 2014/09/29 v2.5h Standard LaTeX font definitions
)
LaTeX Font Info:    Font shape `OMS/cmr/m/n' in size <12> not available
(Font)              Font shape `OMS/cmsy/m/n' tried instead on input line 7.
) [9

]
(../Statistical_Techniques_In_Business_And_Economics_by_Douglas_A_Lind_William_
G_Marchal_Samuel_A_Wathen/CH2/EX2.3/Ex2_3.R [10])
(../Statistical_Techniques_In_Business_And_Economics_by_Douglas_A_Lind_William_
G_Marchal_Samuel_A_Wathen/CH2/EX2.4.1/Ex2_4_1.R [11])
(../Statistical_Techniques_In_Business_And_Economics_by_Douglas_A_Lind_William_
G_Marchal_Samuel_A_Wathen/CH2/EX2.4.2/Ex2_4_2.R
LaTeX Font Info:    Try loading font information for OML+cmr on input line 12.

(/usr/local/texlive/2016/texmf-dist/tex/latex/base/omlcmr.fd
File: omlcmr.fd 2014/09/29 v2.5h Standard LaTeX font definitions
)
LaTeX Font Info:    Font shape `OML/cmr/m/n' in size <12> not available
(Font)              Font shape `OML/cmm/m/it' tried instead on input line 12.
 [12]) [13]
[14]
Chapter 3.

(../Statistical_Techniques_In_Business_And_Economics_by_Douglas_A_Lind_William_
G_Marchal_Samuel_A_Wathen/CH3/EX3.1.1/Ex3_1_1.R)
(../Statistical_Techniques_In_Business_And_Economics_by_Douglas_A_Lind_William_
G_Marchal_Samuel_A_Wathen/CH3/EX3.1.2/Ex3_1_2.R [15

])
(../Statistical_Techniques_In_Business_And_Economics_by_Douglas_A_Lind_William_
G_Marchal_Samuel_A_Wathen/CH3/EX3.1.3/Ex3_1_3.R)
(../Statistical_Techniques_In_Business_And_Economics_by_Douglas_A_Lind_William_
G_Marchal_Samuel_A_Wathen/CH3/EX3.1.4/Ex3_1_4.R) [16]
(../Statistical_Techniques_In_Business_And_Economics_by_Douglas_A_Lind_William_
G_Marchal_Samuel_A_Wathen/CH3/EX3.1.5/Ex3_1_5.R [17])
(../Statistical_Techniques_In_Business_And_Economics_by_Douglas_A_Lind_William_
G_Marchal_Samuel_A_Wathen/CH3/EX3.2/Ex3_2.R [18])
(../Statistical_Techniques_In_Business_And_Economics_by_Douglas_A_Lind_William_
G_Marchal_Samuel_A_Wathen/CH3/EX3.3.1/Ex3_3_1.R)
(../Statistical_Techniques_In_Business_And_Economics_by_Douglas_A_Lind_William_
G_Marchal_Samuel_A_Wathen/CH3/EX3.3.2/Ex3_3_2.R [19])
(../Statistical_Techniques_In_Business_And_Economics_by_Douglas_A_Lind_William_
G_Marchal_Samuel_A_Wathen/CH3/EX3.4.1/Ex3_4_1.R)
(../Statistical_Techniques_In_Business_And_Economics_by_Douglas_A_Lind_William_
G_Marchal_Samuel_A_Wathen/CH3/EX3.4.2/Ex3_4_2.R) [20]
(../Statistical_Techniques_In_Business_And_Economics_by_Douglas_A_Lind_William_
G_Marchal_Samuel_A_Wathen/CH3/EX3.4.3/Ex3_4_3.R)
(../Statistical_Techniques_In_Business_And_Economics_by_Douglas_A_Lind_William_
G_Marchal_Samuel_A_Wathen/CH3/EX3.4.4/Ex3_4_4.R)
(../Statistical_Techniques_In_Business_And_Economics_by_Douglas_A_Lind_William_
G_Marchal_Samuel_A_Wathen/CH3/EX3.4.5/Ex3_4_5.R [21])
(../Statistical_Techniques_In_Business_And_Economics_by_Douglas_A_Lind_William_
G_Marchal_Samuel_A_Wathen/CH3/EX3.5.1/Ex3_5_1.R)
(../Statistical_Techniques_In_Business_And_Economics_by_Douglas_A_Lind_William_
G_Marchal_Samuel_A_Wathen/CH3/EX3.5.2/Ex3_5_2.R) [22]
(../Statistical_Techniques_In_Business_And_Economics_by_Douglas_A_Lind_William_
G_Marchal_Samuel_A_Wathen/CH3/EX3.6.1/Ex3_6_1.R
Missing character: There is no Î in font cmr12!
Missing character: There is no £ in font cmr12!
) [23]
(../Statistical_Techniques_In_Business_And_Economics_by_Douglas_A_Lind_William_
G_Marchal_Samuel_A_Wathen/CH3/EX3.6.2/Ex3_6_2.R
Missing character: There is no ð in font cmr12!
Missing character: There is no Ÿ in font cmr12!
Missing character: There is no ” in font cmr12!
Missing character: There is no ¹ in font cmr12!
Missing character: There is no Î in font cmr12!
Missing character: There is no £ in font cmr12!
Missing character: There is no Î in font cmr12!
Missing character: There is no £ in font cmr12!
 [24]
Missing character: There is no ð in font cmr12!
Missing character: There is no Ÿ in font cmr12!
Missing character: There is no ” in font cmr12!
Missing character: There is no ¹ in font cmr12!
Missing character: There is no ð in font cmr12!
Missing character: There is no Ÿ in font cmr12!
Missing character: There is no ” in font cmr12!
Missing character: There is no ¹ in font cmr12!
) [25]
Chapter 4.

(../Statistical_Techniques_In_Business_And_Economics_by_Douglas_A_Lind_William_
G_Marchal_Samuel_A_Wathen/CH4/EX4.1/Ex4_1.R [26

])
(../Statistical_Techniques_In_Business_And_Economics_by_Douglas_A_Lind_William_
G_Marchal_Samuel_A_Wathen/CH4/EX4.2/Ex4_2.R)
(../Statistical_Techniques_In_Business_And_Economics_by_Douglas_A_Lind_William_
G_Marchal_Samuel_A_Wathen/CH4/EX4.3/Ex4_3.R [27])
(../Statistical_Techniques_In_Business_And_Economics_by_Douglas_A_Lind_William_
G_Marchal_Samuel_A_Wathen/CH4/EX4.4.1/Ex4_4_1.R) [28]
(../Statistical_Techniques_In_Business_And_Economics_by_Douglas_A_Lind_William_
G_Marchal_Samuel_A_Wathen/CH4/EX4.4.2/Ex4_4_2.R [29])
(../Statistical_Techniques_In_Business_And_Economics_by_Douglas_A_Lind_William_
G_Marchal_Samuel_A_Wathen/CH4/EX4.5/Ex4_5.R [30]
Missing character: There is no â in font cmr12!
Missing character: There is no € in font cmr12!
Missing character: There is no ™ in font cmr12!
)
(../Statistical_Techniques_In_Business_And_Economics_by_Douglas_A_Lind_William_
G_Marchal_Samuel_A_Wathen/CH4/EX4.6/Ex4_6.R
Overfull \hbox (3661.0752pt too wide) in paragraph at lines 2--3
[][][] 
 []


Overfull \hbox (6165.67706pt too wide) in paragraph at lines 3--5
[][][] 
 []

[31])
(../Statistical_Techniques_In_Business_And_Economics_by_Douglas_A_Lind_William_
G_Marchal_Samuel_A_Wathen/CH4/EX4.7/Ex4_7.R [32] [33] [34]) [35]
Chapter 5.

(../Statistical_Techniques_In_Business_And_Economics_by_Douglas_A_Lind_William_
G_Marchal_Samuel_A_Wathen/CH5/EX5.2.1/Ex5_2_1.R)
(../Statistical_Techniques_In_Business_And_Economics_by_Douglas_A_Lind_William_
G_Marchal_Samuel_A_Wathen/CH5/EX5.2.2/Ex5_2_2.R [36

])
(../Statistical_Techniques_In_Business_And_Economics_by_Douglas_A_Lind_William_
G_Marchal_Samuel_A_Wathen/CH5/EX5.3.1/Ex5_3_1.R)
(../Statistical_Techniques_In_Business_And_Economics_by_Douglas_A_Lind_William_
G_Marchal_Samuel_A_Wathen/CH5/EX5.3.2/Ex5_3_2.R) [37]
(../Statistical_Techniques_In_Business_And_Economics_by_Douglas_A_Lind_William_
G_Marchal_Samuel_A_Wathen/CH5/EX5.3.3/Ex5_3_3.R) [38]
(../Statistical_Techniques_In_Business_And_Economics_by_Douglas_A_Lind_William_
G_Marchal_Samuel_A_Wathen/CH5/EX5.4.1/Ex5_4_1.R)
(../Statistical_Techniques_In_Business_And_Economics_by_Douglas_A_Lind_William_
G_Marchal_Samuel_A_Wathen/CH5/EX5.4.2/Ex5_4_2.R)
(../Statistical_Techniques_In_Business_And_Economics_by_Douglas_A_Lind_William_
G_Marchal_Samuel_A_Wathen/CH5/EX5.5/Ex5_5.R [39])
(../Statistical_Techniques_In_Business_And_Economics_by_Douglas_A_Lind_William_
G_Marchal_Samuel_A_Wathen/CH5/EX5.6/Ex5_6.R [40])
(../Statistical_Techniques_In_Business_And_Economics_by_Douglas_A_Lind_William_
G_Marchal_Samuel_A_Wathen/CH5/EX5.7.1/Ex5_7_1.R)
(../Statistical_Techniques_In_Business_And_Economics_by_Douglas_A_Lind_William_
G_Marchal_Samuel_A_Wathen/CH5/EX5.7.2/Ex5_7_2.R [41])
(../Statistical_Techniques_In_Business_And_Economics_by_Douglas_A_Lind_William_
G_Marchal_Samuel_A_Wathen/CH5/EX5.7.3/Ex5_7_3.R)
(../Statistical_Techniques_In_Business_And_Economics_by_Douglas_A_Lind_William_
G_Marchal_Samuel_A_Wathen/CH5/EX5.7.4/Ex5_7_4.R) [42]
Chapter 6.

(../Statistical_Techniques_In_Business_And_Economics_by_Douglas_A_Lind_William_
G_Marchal_Samuel_A_Wathen/CH6/EX6.1/Ex6_1.R) [43

]
(../Statistical_Techniques_In_Business_And_Economics_by_Douglas_A_Lind_William_
G_Marchal_Samuel_A_Wathen/CH6/EX6.3/Ex6_3.R)
(../Statistical_Techniques_In_Business_And_Economics_by_Douglas_A_Lind_William_
G_Marchal_Samuel_A_Wathen/CH6/EX6.4.1/Ex6_4_1.R) [44]
(../Statistical_Techniques_In_Business_And_Economics_by_Douglas_A_Lind_William_
G_Marchal_Samuel_A_Wathen/CH6/EX6.4.2/Ex6_4_2.R)
(../Statistical_Techniques_In_Business_And_Economics_by_Douglas_A_Lind_William_
G_Marchal_Samuel_A_Wathen/CH6/EX6.4.3/Ex6_4_3.R
Missing character: There is no â in font cmr12!
Missing character: There is no ‰ in font cmr12!
Missing character: There is no ¥ in font cmr12!
)
(../Statistical_Techniques_In_Business_And_Economics_by_Douglas_A_Lind_William_
G_Marchal_Samuel_A_Wathen/CH6/EX6.5/Ex6_5.R [45])
(../Statistical_Techniques_In_Business_And_Economics_by_Douglas_A_Lind_William_
G_Marchal_Samuel_A_Wathen/CH6/EX6.6.1/Ex6_6_1.R
Missing character: There is no â in font cmr12!
Missing character: There is no ‰ in font cmr12!
Missing character: There is no ¥ in font cmr12!
)
(../Statistical_Techniques_In_Business_And_Economics_by_Douglas_A_Lind_William_
G_Marchal_Samuel_A_Wathen/CH6/EX6.6.2/Ex6_6_2.R [46]
Missing character: There is no â in font cmr12!
Missing character: There is no ‰ in font cmr12!
Missing character: There is no ¥ in font cmr12!
) [47]
Chapter 7.

(../Statistical_Techniques_In_Business_And_Economics_by_Douglas_A_Lind_William_
G_Marchal_Samuel_A_Wathen/CH7/EX7.1/Ex7_1.R [48

]) [49]
(../Statistical_Techniques_In_Business_And_Economics_by_Douglas_A_Lind_William_
G_Marchal_Samuel_A_Wathen/CH7/EX7.3.1/Ex7_3_1.R)
(../Statistical_Techniques_In_Business_And_Economics_by_Douglas_A_Lind_William_
G_Marchal_Samuel_A_Wathen/CH7/EX7.3.2/Ex7_3_2.R) [50]
(../Statistical_Techniques_In_Business_And_Economics_by_Douglas_A_Lind_William_
G_Marchal_Samuel_A_Wathen/CH7/EX7.3.3/Ex7_3_3.R)
(../Statistical_Techniques_In_Business_And_Economics_by_Douglas_A_Lind_William_
G_Marchal_Samuel_A_Wathen/CH7/EX7.3.4/Ex7_3_4.R) [51]
(../Statistical_Techniques_In_Business_And_Economics_by_Douglas_A_Lind_William_
G_Marchal_Samuel_A_Wathen/CH7/EX7.3.5/Ex7_3_5.R)
(../Statistical_Techniques_In_Business_And_Economics_by_Douglas_A_Lind_William_
G_Marchal_Samuel_A_Wathen/CH7/EX7.3.6/Ex7_3_6.R [52])
(../Statistical_Techniques_In_Business_And_Economics_by_Douglas_A_Lind_William_
G_Marchal_Samuel_A_Wathen/CH7/EX7.3.7/Ex7_3_7.R)
(../Statistical_Techniques_In_Business_And_Economics_by_Douglas_A_Lind_William_
G_Marchal_Samuel_A_Wathen/CH7/EX7.5.1/Ex7_5_1.R) [53]
(../Statistical_Techniques_In_Business_And_Economics_by_Douglas_A_Lind_William_
G_Marchal_Samuel_A_Wathen/CH7/EX7.5.2/Ex7_5_2.R) [54]
Chapter 8.

(../Statistical_Techniques_In_Business_And_Economics_by_Douglas_A_Lind_William_
G_Marchal_Samuel_A_Wathen/CH8/EX8.1/Ex8_1.R)
(../Statistical_Techniques_In_Business_And_Economics_by_Douglas_A_Lind_William_
G_Marchal_Samuel_A_Wathen/CH8/EX8.2/Ex8_2.R [55

]
Missing character: There is no Î in font cmr12!
Missing character: There is no ¼ in font cmr12!
)
(../Statistical_Techniques_In_Business_And_Economics_by_Douglas_A_Lind_William_
G_Marchal_Samuel_A_Wathen/CH8/EX8.3/Ex8_3.R
Missing character: There is no Î in font cmr12!
Missing character: There is no ¼ in font cmr12!
 [56]
Missing character: There is no Î in font cmr12!
Missing character: There is no ¼ in font cmr12!
)
(../Statistical_Techniques_In_Business_And_Economics_by_Douglas_A_Lind_William_
G_Marchal_Samuel_A_Wathen/CH8/EX8.4/Ex8_4.R [57]
Missing character: There is no Î in font cmr12!
Missing character: There is no ¼ in font cmr12!
 [58])
(../Statistical_Techniques_In_Business_And_Economics_by_Douglas_A_Lind_William_
G_Marchal_Samuel_A_Wathen/CH8/EX8.5/Ex8_5.R [59]) [60]
Chapter 9.

(../Statistical_Techniques_In_Business_And_Economics_by_Douglas_A_Lind_William_
G_Marchal_Samuel_A_Wathen/CH9/EX9.2.1/Ex9_2_1.R [61

])
(../Statistical_Techniques_In_Business_And_Economics_by_Douglas_A_Lind_William_
G_Marchal_Samuel_A_Wathen/CH9/EX9.2.2/Ex9_2_2.R [62]) [63]
(../Statistical_Techniques_In_Business_And_Economics_by_Douglas_A_Lind_William_
G_Marchal_Samuel_A_Wathen/CH9/EX9.2.3/Ex9_2_3.R)
(../Statistical_Techniques_In_Business_And_Economics_by_Douglas_A_Lind_William_
G_Marchal_Samuel_A_Wathen/CH9/EX9.2.4/Ex9_2_4.R [64])
Overfull \hbox (3.27939pt too wide) in paragraph at lines 589--590
[]\OT1/cmr/m/n/12 CONFIDENCE IN-TER-VAL FOR A POP-U-LA-TION PRO-
 []


(../Statistical_Techniques_In_Business_And_Economics_by_Douglas_A_Lind_William_
G_Marchal_Samuel_A_Wathen/CH9/EX9.3/Ex9_3.R [65])
(../Statistical_Techniques_In_Business_And_Economics_by_Douglas_A_Lind_William_
G_Marchal_Samuel_A_Wathen/CH9/EX9.4.1/Ex9_4_1.R [66])
(../Statistical_Techniques_In_Business_And_Economics_by_Douglas_A_Lind_William_
G_Marchal_Samuel_A_Wathen/CH9/EX9.4.2/Ex9_4_2.R)
(../Statistical_Techniques_In_Business_And_Economics_by_Douglas_A_Lind_William_
G_Marchal_Samuel_A_Wathen/CH9/EX9.5/Ex9_5.R [67]) [68]
Chapter 10.

(../Statistical_Techniques_In_Business_And_Economics_by_Douglas_A_Lind_William_
G_Marchal_Samuel_A_Wathen/CH10/EX10.4/Ex10_4.R [69

])
(../Statistical_Techniques_In_Business_And_Economics_by_Douglas_A_Lind_William_
G_Marchal_Samuel_A_Wathen/CH10/EX10.6.1/Ex10_6_1.R [70])
(../Statistical_Techniques_In_Business_And_Economics_by_Douglas_A_Lind_William_
G_Marchal_Samuel_A_Wathen/CH10/EX10.6.2/Ex10_6_2.R [71])
(../Statistical_Techniques_In_Business_And_Economics_by_Douglas_A_Lind_William_
G_Marchal_Samuel_A_Wathen/CH10/EX10.7/Ex10_7.R [72]
Missing character: There is no Î in font cmr12!
Missing character: There is no ² in font cmr12!
Missing character: There is no Î in font cmr12!
Missing character: There is no ¼ in font cmr12!
Missing character: There is no Î in font cmr12!
Missing character: There is no ² in font cmr12!
Missing character: There is no Î in font cmr12!
Missing character: There is no ¼ in font cmr12!
) [73]
Chapter 11.

(../Statistical_Techniques_In_Business_And_Economics_by_Douglas_A_Lind_William_
G_Marchal_Samuel_A_Wathen/CH11/EX11.1/Ex11_1.R)
(../Statistical_Techniques_In_Business_And_Economics_by_Douglas_A_Lind_William_
G_Marchal_Samuel_A_Wathen/CH11/EX11.2.1/Ex11_2_1.R [74

]) [75]
(../Statistical_Techniques_In_Business_And_Economics_by_Douglas_A_Lind_William_
G_Marchal_Samuel_A_Wathen/CH11/EX11.2.2/Ex11_2_2.R [76])
(../Statistical_Techniques_In_Business_And_Economics_by_Douglas_A_Lind_William_
G_Marchal_Samuel_A_Wathen/CH11/EX11.3/Ex11_3.R) [77]
Chapter 12.

(../Statistical_Techniques_In_Business_And_Economics_by_Douglas_A_Lind_William_
G_Marchal_Samuel_A_Wathen/CH12/EX12.1/Ex12_1.R)
(../Statistical_Techniques_In_Business_And_Economics_by_Douglas_A_Lind_William_
G_Marchal_Samuel_A_Wathen/CH12/EX12.2.1/Ex12_2_1.R [78

])
(../Statistical_Techniques_In_Business_And_Economics_by_Douglas_A_Lind_William_
G_Marchal_Samuel_A_Wathen/CH12/EX12.2.2/Ex12_2_2.R)
(../Statistical_Techniques_In_Business_And_Economics_by_Douglas_A_Lind_William_
G_Marchal_Samuel_A_Wathen/CH12/EX12.4/Ex12_4.R [79]) [80]
Chapter 13.

(../Statistical_Techniques_In_Business_And_Economics_by_Douglas_A_Lind_William_
G_Marchal_Samuel_A_Wathen/CH13/EX13.1/Ex13_1.R [81

])
(../Statistical_Techniques_In_Business_And_Economics_by_Douglas_A_Lind_William_
G_Marchal_Samuel_A_Wathen/CH13/EX13.2.1/Ex13_2_1.R [82] [83])
(../Statistical_Techniques_In_Business_And_Economics_by_Douglas_A_Lind_William_
G_Marchal_Samuel_A_Wathen/CH13/EX13.2.2/Ex13_2_2.R
Overfull \hbox (3638.845pt too wide) in paragraph at lines 4--5
[][][] 
 []


Overfull \hbox (6165.67706pt too wide) in paragraph at lines 5--7
[][][] 
 []

[84])
(../Statistical_Techniques_In_Business_And_Economics_by_Douglas_A_Lind_William_
G_Marchal_Samuel_A_Wathen/CH13/EX13.3/Ex13_3.R
Missing character: There is no Å in font cmr12!
Missing character: There is no · in font cmr12!
) [85]
(../Statistical_Techniques_In_Business_And_Economics_by_Douglas_A_Lind_William_
G_Marchal_Samuel_A_Wathen/CH13/EX13.6/Ex13_6.R [86])
(../Statistical_Techniques_In_Business_And_Economics_by_Douglas_A_Lind_William_
G_Marchal_Samuel_A_Wathen/CH13/EX13.7/Ex13_7.R [87]) [88] [89]
Chapter 14.

(../Statistical_Techniques_In_Business_And_Economics_by_Douglas_A_Lind_William_
G_Marchal_Samuel_A_Wathen/CH14/EX14.1/Ex14_1.R [90

])
(../Statistical_Techniques_In_Business_And_Economics_by_Douglas_A_Lind_William_
G_Marchal_Samuel_A_Wathen/CH14/EX14.4/Ex14_4.R [91])
(../Statistical_Techniques_In_Business_And_Economics_by_Douglas_A_Lind_William_
G_Marchal_Samuel_A_Wathen/CH14/EX14.6/Ex14_6.R) [92]
(../Statistical_Techniques_In_Business_And_Economics_by_Douglas_A_Lind_William_
G_Marchal_Samuel_A_Wathen/CH14/EX14.8/Ex14_8.R [93]) [94]
Chapter 15.

(../Statistical_Techniques_In_Business_And_Economics_by_Douglas_A_Lind_William_
G_Marchal_Samuel_A_Wathen/CH15/EX15.1/Ex15_1.R [95

])
(../Statistical_Techniques_In_Business_And_Economics_by_Douglas_A_Lind_William_
G_Marchal_Samuel_A_Wathen/CH15/EX15.2/Ex15_2.R [96] [97]
Missing character: There is no Â in font cmr12!
Missing character: There is no ± in font cmr12!
)
(../Statistical_Techniques_In_Business_And_Economics_by_Douglas_A_Lind_William_
G_Marchal_Samuel_A_Wathen/CH15/EX15.3.1/Ex15_3_1.R [98])
(../Statistical_Techniques_In_Business_And_Economics_by_Douglas_A_Lind_William_
G_Marchal_Samuel_A_Wathen/CH15/EX15.3.2/Ex15_3_2.R [99])
(../Statistical_Techniques_In_Business_And_Economics_by_Douglas_A_Lind_William_
G_Marchal_Samuel_A_Wathen/CH15/EX15.5/Ex15_5.R [100]
Missing character: There is no Î in font cmr12!
Missing character: There is no ± in font cmr12!
)
(../Statistical_Techniques_In_Business_And_Economics_by_Douglas_A_Lind_William_
G_Marchal_Samuel_A_Wathen/CH15/EX15.6/Ex15_6.R [101]
Missing character: There is no Î in font cmr12!
Missing character: There is no ± in font cmr12!
) [102]
Chapter 16.

(../Statistical_Techniques_In_Business_And_Economics_by_Douglas_A_Lind_William_
G_Marchal_Samuel_A_Wathen/CH16/EX16.1.1/Ex16_1_1.R [103

])
(../Statistical_Techniques_In_Business_And_Economics_by_Douglas_A_Lind_William_
G_Marchal_Samuel_A_Wathen/CH16/EX16.1.2/Ex16_1_2.R) [104]
(../Statistical_Techniques_In_Business_And_Economics_by_Douglas_A_Lind_William_
G_Marchal_Samuel_A_Wathen/CH16/EX16.2/Ex16_2.R)
Overfull \hbox (7.01553pt too wide) in paragraph at lines 848--849
[]\OT1/cmr/m/n/12 WILCOXON SIGNED RANK TEST FOR DE-PEN-DENT
 []


(../Statistical_Techniques_In_Business_And_Economics_by_Douglas_A_Lind_William_
G_Marchal_Samuel_A_Wathen/CH16/EX16.3/Ex16_3.R [105]
Missing character: There is no Î in font cmr12!
Missing character: There is no ± in font cmr12!
)
Overfull \hbox (0.40308pt too wide) in paragraph at lines 855--856
[]\OT1/cmr/m/n/12 WILCOXON RANK SUM TEST FOR IN-DE-PEN-DENT
 []


(../Statistical_Techniques_In_Business_And_Economics_by_Douglas_A_Lind_William_
G_Marchal_Samuel_A_Wathen/CH16/EX16.4/Ex16_4.R [106] [107])
(../Statistical_Techniques_In_Business_And_Economics_by_Douglas_A_Lind_William_
G_Marchal_Samuel_A_Wathen/CH16/EX16.5/Ex16_5.R [108])
(../Statistical_Techniques_In_Business_And_Economics_by_Douglas_A_Lind_William_
G_Marchal_Samuel_A_Wathen/CH16/EX16.6/Ex16_6.R [109]) [110]
Chapter 17.

(../Statistical_Techniques_In_Business_And_Economics_by_Douglas_A_Lind_William_
G_Marchal_Samuel_A_Wathen/CH17/EX17.1.1/Ex17_1_1.R)
(../Statistical_Techniques_In_Business_And_Economics_by_Douglas_A_Lind_William_
G_Marchal_Samuel_A_Wathen/CH17/EX17.1.2/Ex17_1_2.R [111

])
(../Statistical_Techniques_In_Business_And_Economics_by_Douglas_A_Lind_William_
G_Marchal_Samuel_A_Wathen/CH17/EX17.1.3/Ex17_1_3.R
Missing character: There is no â in font cmr12!
Missing character: There is no € in font cmr12!
Missing character: There is no ™ in font cmr12!
) [112]
(../Statistical_Techniques_In_Business_And_Economics_by_Douglas_A_Lind_William_
G_Marchal_Samuel_A_Wathen/CH17/EX17.3.1/Ex17_3_1.R) [113]
(../Statistical_Techniques_In_Business_And_Economics_by_Douglas_A_Lind_William_
G_Marchal_Samuel_A_Wathen/CH17/EX17.3.2/Ex17_3_2.R)
(../Statistical_Techniques_In_Business_And_Economics_by_Douglas_A_Lind_William_
G_Marchal_Samuel_A_Wathen/CH17/EX17.3.3/Ex17_3_3.R [114]
Missing character: There is no â in font cmr12!
Missing character: There is no € in font cmr12!
Missing character: There is no ™ in font cmr12!
)
(../Statistical_Techniques_In_Business_And_Economics_by_Douglas_A_Lind_William_
G_Marchal_Samuel_A_Wathen/CH17/EX17.3.4/Ex17_3_4.R)
(../Statistical_Techniques_In_Business_And_Economics_by_Douglas_A_Lind_William_
G_Marchal_Samuel_A_Wathen/CH17/EX17.4/Ex17_4.R [115])
(../Statistical_Techniques_In_Business_And_Economics_by_Douglas_A_Lind_William_
G_Marchal_Samuel_A_Wathen/CH17/EX17.5.1/Ex17_5_1.R)
Overfull \hbox (5.8324pt too wide) in paragraph at lines 941--942
[]\OT1/cmr/m/n/12 USING AN IN-DEX TO FIND PUR-CHAS-ING POWER 
 []


(../Statistical_Techniques_In_Business_And_Economics_by_Douglas_A_Lind_William_
G_Marchal_Samuel_A_Wathen/CH17/EX17.5.2/Ex17_5_2.R) [116]
(../Statistical_Techniques_In_Business_And_Economics_by_Douglas_A_Lind_William_
G_Marchal_Samuel_A_Wathen/CH17/EX17.5.3/Ex17_5_3.R [117]) [118]
Chapter 18.

(../Statistical_Techniques_In_Business_And_Economics_by_Douglas_A_Lind_William_
G_Marchal_Samuel_A_Wathen/CH18/EX18.3/Ex18_3.R [119

]) [120]
(../Statistical_Techniques_In_Business_And_Economics_by_Douglas_A_Lind_William_
G_Marchal_Samuel_A_Wathen/CH18/EX18.4/Ex18_4.R
Missing character: There is no Å in font cmr12!
Missing character: There is no · in font cmr12!
Missing character: There is no Å in font cmr12!
Missing character: There is no · in font cmr12!
Missing character: There is no Å in font cmr12!
Missing character: There is no · in font cmr12!
 [121])
(../Statistical_Techniques_In_Business_And_Economics_by_Douglas_A_Lind_William_
G_Marchal_Samuel_A_Wathen/CH18/EX18.6/Ex18_6.R [122])
(../Statistical_Techniques_In_Business_And_Economics_by_Douglas_A_Lind_William_
G_Marchal_Samuel_A_Wathen/CH18/EX18.7/Ex18_7.R [123])
(../Statistical_Techniques_In_Business_And_Economics_by_Douglas_A_Lind_William_
G_Marchal_Samuel_A_Wathen/CH18/EX18.8/Ex18_8.R [124]) [125]
Chapter 19.

(../Statistical_Techniques_In_Business_And_Economics_by_Douglas_A_Lind_William_
G_Marchal_Samuel_A_Wathen/CH19/EX19.3/Ex19_3.R [126

])
(../Statistical_Techniques_In_Business_And_Economics_by_Douglas_A_Lind_William_
G_Marchal_Samuel_A_Wathen/CH19/EX19.4.1/Ex19_4_1.R [127] [128])
(../Statistical_Techniques_In_Business_And_Economics_by_Douglas_A_Lind_William_
G_Marchal_Samuel_A_Wathen/CH19/EX19.4.2/Ex19_4_2.R [129]
Missing character: There is no Ì in font cmr12!
Missing character: There is no „ in font cmr12!
)
(../Statistical_Techniques_In_Business_And_Economics_by_Douglas_A_Lind_William_
G_Marchal_Samuel_A_Wathen/CH19/EX19.6.1/Ex19_6_1.R [130]
Missing character: There is no Ì in font cmr12!
Missing character: There is no „ in font cmr12!
 [131])
(../Statistical_Techniques_In_Business_And_Economics_by_Douglas_A_Lind_William_
G_Marchal_Samuel_A_Wathen/CH19/EX19.6.2/Ex19_6_2.R
Missing character: There is no Ì in font cmr12!
Missing character: There is no „ in font cmr12!
 [132])
(../Statistical_Techniques_In_Business_And_Economics_by_Douglas_A_Lind_William_
G_Marchal_Samuel_A_Wathen/CH19/EX19.7/Ex19_7.R [133]
Missing character: There is no Ï in font cmr12!
Missing character: There is no € in font cmr12!
)
Package atveryend Info: Empty hook `BeforeClearDocument' on input line 1033.
 [134]
Package atveryend Info: Empty hook `AfterLastShipout' on input line 1033.
 (./TEX_final.aux)
Package atveryend Info: Executing hook `AtVeryEndDocument' on input line 1033.
Package atveryend Info: Executing hook `AtEndAfterFileList' on input line 1033.

Package rerunfilecheck Info: File `TEX_final.out' has not changed.
(rerunfilecheck)             Checksum: 1A15D3A601B2CB38223E4AF1D5DD42E4;1201.
Package atveryend Info: Empty hook `AtVeryVeryEnd' on input line 1033.
 ) 
Here is how much of TeX's memory you used:
 12000 strings out of 493013
 212411 string characters out of 6133328
 383647 words of memory out of 5000000
 11949 multiletter control sequences out of 15000+600000
 10548 words of font info for 37 fonts, out of 8000000 for 9000
 1141 hyphenation exceptions out of 8191
 30i,7n,40p,1255b,1934s stack positions out of 5000i,500n,10000p,200000b,80000s
</usr/local/texlive/2016/texmf-dist/fonts/type1/public/amsfonts/cm/cmbx12.pfb
></usr/local/texlive/2016/texmf-dist/fonts/type1/public/amsfonts/cm/cmmi12.pfb>
</usr/local/texlive/2016/texmf-dist/fonts/type1/public/amsfonts/cm/cmr10.pfb></
usr/local/texlive/2016/texmf-dist/fonts/type1/public/amsfonts/cm/cmr12.pfb></us
r/local/texlive/2016/texmf-dist/fonts/type1/public/amsfonts/cm/cmr17.pfb></usr/
local/texlive/2016/texmf-dist/fonts/type1/public/amsfonts/cm/cmr8.pfb></usr/loc
al/texlive/2016/texmf-dist/fonts/type1/public/amsfonts/cm/cmsy10.pfb></usr/loca
l/texlive/2016/texmf-dist/fonts/type1/public/amsfonts/cm/cmtt12.pfb>
Output written on TEX_final.pdf (135 pages, 422463 bytes).
PDF statistics:
 4352 PDF objects out of 5155 (max. 8388607)
 4165 compressed objects within 42 object streams
 3017 named destinations out of 3580 (max. 500000)
 153 words of extra memory for PDF output out of 10000 (max. 10000000)

