\BOOKMARK [0][-]{chapter*.3}{}{}% 1
\BOOKMARK [0][-]{chapter.1}{Structure in Solids }{}% 2
\BOOKMARK [0][-]{chapter.2}{ Structure in Molecules and Atoms}{}% 3
\BOOKMARK [0][-]{chapter.3}{Gases and Collective Properties }{}% 4
\BOOKMARK [0][-]{chapter.4}{ The First Law for Energy}{}% 5
\BOOKMARK [0][-]{chapter.5}{ Entropy and the Second Law}{}% 6
\BOOKMARK [0][-]{chapter.6}{ Relationships between Phases}{}% 7
\BOOKMARK [0][-]{chapter.7}{ Relationships among Reactants }{}% 8
\BOOKMARK [0][-]{chapter.8}{ Equilibria in Condensed Phases}{}% 9
\BOOKMARK [0][-]{chapter.9}{Electrochemistry}{}% 10
\BOOKMARK [0][-]{chapter.10}{ Basic Quantum Mechanics}{}% 11
\BOOKMARK [0][-]{chapter.11}{ Free Rotational and Angular Motion}{}% 12
\BOOKMARK [0][-]{chapter.12}{ Vibrational and Radial Motion}{}% 13
\BOOKMARK [0][-]{chapter.13}{ Analyzing Organized Structures}{}% 14
\BOOKMARK [0][-]{chapter.14}{ States of Molecular Electrons}{}% 15
\BOOKMARK [0][-]{chapter.15}{Phenomenological Chemical Kinetics }{}% 16
\BOOKMARK [0][-]{chapter.16}{ Explanatory Mechanisms}{}% 17
\BOOKMARK [0][-]{chapter.17}{Statistical Thermodynamics }{}% 18
\BOOKMARK [0][-]{chapter.18}{Reaction Rate Theory }{}% 19
\BOOKMARK [0][-]{chapter.19}{ Photochemistry}{}% 20
